<?xml version="1.0" encoding="UTF-8"?>
<!-- Generated by org.testng.reporters.JUnitXMLReporter -->
<testsuite hostname="NPANTHI2L" tests="15" failures="1" timestamp="17 Feb 2017 07:10:40 GMT" time="0.024" errors="0">
  <testcase name="ignoreSpacesInInput" time="0.001" classname="MastermindInputAttemptTest"/>
  <testcase name="ingoreCaseAndStoreColorCodeIfInputIsValid" time="0.001" classname="MastermindInputAttemptTest"/>
  <testcase name="storeAttemptIfInputIsValid" time="0.0" classname="MastermindInputAttemptTest">
    <failure type="java.lang.NullPointerException">
      <![CDATA[java.lang.NullPointerException
	at MastermindInputAttemptTest.storeAttemptIfInputIsValid(MastermindInputAttemptTest.java:54)
	at org.apache.maven.surefire.testng.TestNGExecutor.run(TestNGExecutor.java:77)
	at org.apache.maven.surefire.testng.TestNGDirectoryTestSuite.executeMulti(TestNGDirectoryTestSuite.java:159)
	at org.apache.maven.surefire.testng.TestNGDirectoryTestSuite.execute(TestNGDirectoryTestSuite.java:99)
	at org.apache.maven.surefire.testng.TestNGProvider.invoke(TestNGProvider.java:106)
	at org.apache.maven.surefire.util.ReflectionUtils.invokeMethodWithArray(ReflectionUtils.java:189)
	at org.apache.maven.surefire.booter.ProviderFactory$ProviderProxy.invoke(ProviderFactory.java:165)
	at org.apache.maven.surefire.booter.ProviderFactory.invokeProvider(ProviderFactory.java:85)
	at org.apache.maven.surefire.booter.ForkedBooter.runSuitesInProcess(ForkedBooter.java:115)
	at org.apache.maven.surefire.booter.ForkedBooter.main(ForkedBooter.java:75)
... Removed 25 stack frames]]>
    </failure>
  </testcase> <!-- storeAttemptIfInputIsValid -->
  <testcase name="throwErrorIfColorsAreRepeatedInInput" time="0.001" classname="MastermindInputAttemptTest"/>
  <testcase name="throwErrorIfInputColorsHaveBlackOrWhite" time="0.0" classname="MastermindInputAttemptTest"/>
  <testcase name="throwErrorIfInputDoesNotContainExactlyFourColors" time="0.0" classname="MastermindInputAttemptTest"/>
  <testcase name="throwErrorIfInputIsInvalid" time="0.0" classname="MastermindInputAttemptTest"/>
  <testcase name="ignoreSpacesInInput" time="0.003" classname="MsstermindStoreTest"/>
  <testcase name="ingoreCaseAndStoreColorCodeIfInputIsValid" time="0.0" classname="MsstermindStoreTest"/>
  <testcase name="storeColorCodeIfInputIsValid" time="0.0" classname="MsstermindStoreTest"/>
  <testcase name="throwErrorIfColorsAreRepeatedInInput" time="0.001" classname="MsstermindStoreTest"/>
  <testcase name="throwErrorIfInputColorsHaveBlackOrWhite" time="0.0" classname="MsstermindStoreTest"/>
  <testcase name="throwErrorIfInputDoesNotContainExactlyFourColors" time="0.0" classname="MsstermindStoreTest"/>
  <testcase name="throwErrorIfInputIsEmptyString" time="0.001" classname="MsstermindStoreTest"/>
  <testcase name="throwErrorIfInputIsInvalid" time="0.0" classname="MsstermindStoreTest"/>
</testsuite>
