<?xml version="1.0" encoding="UTF-8" ?>
<testsuite tests="15" failures="1" name="TestSuite" time="0.007" errors="0" skipped="0">
  <properties>
[...]
</properties>
  <testcase classname="MastermindInputAttemptTest" name="ignoreSpacesInInput" time="0.001"/>
  <testcase classname="MastermindInputAttemptTest" name="ingoreCaseAndStoreColorCodeIfInputIsValid" time="0"/>
  <testcase classname="MastermindInputAttemptTest" name="storeAttemptIfInputIsValid" time="0.003">
    <failure type="java.lang.NullPointerException">java.lang.NullPointerException
	at MastermindInputAttemptTest.storeAttemptIfInputIsValid(MastermindInputAttemptTest.java:54)
</failure>
  </testcase>
  <testcase classname="MastermindInputAttemptTest" name="throwErrorIfColorsAreRepeatedInInput" time="0"/>
  <testcase classname="MastermindInputAttemptTest" name="throwErrorIfInputColorsHaveBlackOrWhite" time="0"/>
  <testcase classname="MastermindInputAttemptTest" name="throwErrorIfInputDoesNotContainExactlyFourColors" time="0"/>
  <testcase classname="MastermindInputAttemptTest" name="throwErrorIfInputIsInvalid" time="0"/>
  <testcase classname="MsstermindStoreTest" name="ignoreSpacesInInput" time="0.003"/>
  <testcase classname="MsstermindStoreTest" name="ingoreCaseAndStoreColorCodeIfInputIsValid" time="0"/>
  <testcase classname="MsstermindStoreTest" name="storeColorCodeIfInputIsValid" time="0"/>
  <testcase classname="MsstermindStoreTest" name="throwErrorIfColorsAreRepeatedInInput" time="0"/>
  <testcase classname="MsstermindStoreTest" name="throwErrorIfInputColorsHaveBlackOrWhite" time="0"/>
  <testcase classname="MsstermindStoreTest" name="throwErrorIfInputDoesNotContainExactlyFourColors" time="0"/>
  <testcase classname="MsstermindStoreTest" name="throwErrorIfInputIsEmptyString" time="0"/>
  <testcase classname="MsstermindStoreTest" name="throwErrorIfInputIsInvalid" time="0"/>
</testsuite>